<?xml version="1.0" encoding="UTF-8"?>
<!-- Generated by org.testng.reporters.JUnitReportReporter -->
<testsuite skipped="0" hostname="WTIN05208424L" name="com.ametek.tests.BaseTest" tests="1" failures="0" timestamp="05 Feb 2024 14:33:12 GMT" time="0.016" errors="0">
  <testcase name="verifyLogin" time="0.016" classname="com.ametek.tests.BaseTest"/>
</testsuite> <!-- com.ametek.tests.BaseTest -->
