<?xml version="1.0" encoding="UTF-8"?>
<!-- Generated by org.testng.reporters.JUnitReportReporter -->
<testsuite skipped="0" hostname="WTIN05208424L" name="com.ametek.tests.HomePageTest" tests="1" failures="0" timestamp="06 Feb 2024 07:15:24 GMT" time="154.008" errors="0">
  <testcase name="verifySearchFunctionality" time="154.008" classname="com.ametek.tests.HomePageTest"/>
</testsuite> <!-- com.ametek.tests.HomePageTest -->
